ERROR - 2022-04-26 06:56:52 --> Cannot add or update a child row: a foreign key constraint fails (`tp1`.`user`, CONSTRAINT `user_service_FK` FOREIGN KEY (`id_service`) REFERENCES `service` (`id`))
ERROR - 2022-04-26 06:57:30 --> Cannot add or update a child row: a foreign key constraint fails (`tp1`.`user`, CONSTRAINT `user_service_FK` FOREIGN KEY (`id_service`) REFERENCES `service` (`id`))
ERROR - 2022-04-26 06:59:50 --> Cannot add or update a child row: a foreign key constraint fails (`tp1`.`user`, CONSTRAINT `user_service_FK` FOREIGN KEY (`id_service`) REFERENCES `service` (`id`))
ERROR - 2022-04-26 07:01:11 --> Cannot add or update a child row: a foreign key constraint fails (`tp1`.`user`, CONSTRAINT `user_service_FK` FOREIGN KEY (`id_service`) REFERENCES `service` (`id`))
ERROR - 2022-04-26 07:22:05 --> Cannot add or update a child row: a foreign key constraint fails (`tp1`.`user`, CONSTRAINT `user_service_FK` FOREIGN KEY (`id_service`) REFERENCES `service` (`id`))
ERROR - 2022-04-26 07:25:03 --> Cannot add or update a child row: a foreign key constraint fails (`tp1`.`user`, CONSTRAINT `user_service_FK` FOREIGN KEY (`id_service`) REFERENCES `service` (`id`))
CRITICAL - 2022-04-26 07:34:15 --> Call to undefined function form_open()
#0 C:\wamp64\www\codeigniter\system\View\View.php(210): include()
#1 C:\wamp64\www\codeigniter\system\View\View.php(213): CodeIgniter\View\View->CodeIgniter\View\{closure}()
#2 C:\wamp64\www\codeigniter\system\Common.php(1089): CodeIgniter\View\View->render('add_users', Array, true)
#3 C:\wamp64\www\codeigniter\app\Controllers\UserController.php(27): view('add_users', Array)
#4 C:\wamp64\www\codeigniter\system\CodeIgniter.php(832): App\Controllers\UserController->create()
#5 C:\wamp64\www\codeigniter\system\CodeIgniter.php(419): CodeIgniter\CodeIgniter->runController(Object(App\Controllers\UserController))
#6 C:\wamp64\www\codeigniter\system\CodeIgniter.php(326): CodeIgniter\CodeIgniter->handleRequest(NULL, Object(Config\Cache), false)
#7 C:\wamp64\www\codeigniter\public\index.php(37): CodeIgniter\CodeIgniter->run()
#8 C:\wamp64\www\codeigniter\system\Commands\Server\rewrite.php(43): require_once('C:\\wamp64\\www\\c...')
#9 {main}
CRITICAL - 2022-04-26 07:34:53 --> Call to undefined function form_open()
#0 C:\wamp64\www\codeigniter\system\View\View.php(210): include()
#1 C:\wamp64\www\codeigniter\system\View\View.php(213): CodeIgniter\View\View->CodeIgniter\View\{closure}()
#2 C:\wamp64\www\codeigniter\system\Common.php(1089): CodeIgniter\View\View->render('add_users', Array, true)
#3 C:\wamp64\www\codeigniter\app\Controllers\UserController.php(27): view('add_users', Array)
#4 C:\wamp64\www\codeigniter\system\CodeIgniter.php(832): App\Controllers\UserController->create()
#5 C:\wamp64\www\codeigniter\system\CodeIgniter.php(419): CodeIgniter\CodeIgniter->runController(Object(App\Controllers\UserController))
#6 C:\wamp64\www\codeigniter\system\CodeIgniter.php(326): CodeIgniter\CodeIgniter->handleRequest(NULL, Object(Config\Cache), false)
#7 C:\wamp64\www\codeigniter\public\index.php(37): CodeIgniter\CodeIgniter->run()
#8 C:\wamp64\www\codeigniter\system\Commands\Server\rewrite.php(43): require_once('C:\\wamp64\\www\\c...')
#9 {main}
CRITICAL - 2022-04-26 08:01:50 --> Call to a member function save() on null
#0 C:\wamp64\www\codeigniter\system\CodeIgniter.php(832): App\Controllers\UserController->formValidation()
#1 C:\wamp64\www\codeigniter\system\CodeIgniter.php(419): CodeIgniter\CodeIgniter->runController(Object(App\Controllers\UserController))
#2 C:\wamp64\www\codeigniter\system\CodeIgniter.php(326): CodeIgniter\CodeIgniter->handleRequest(NULL, Object(Config\Cache), false)
#3 C:\wamp64\www\codeigniter\public\index.php(37): CodeIgniter\CodeIgniter->run()
#4 C:\wamp64\www\codeigniter\system\Commands\Server\rewrite.php(43): require_once('C:\\wamp64\\www\\c...')
#5 {main}
CRITICAL - 2022-04-26 08:21:45 --> Call to a member function save() on null
#0 C:\wamp64\www\codeigniter\system\CodeIgniter.php(832): App\Controllers\UserController->formValidation()
#1 C:\wamp64\www\codeigniter\system\CodeIgniter.php(419): CodeIgniter\CodeIgniter->runController(Object(App\Controllers\UserController))
#2 C:\wamp64\www\codeigniter\system\CodeIgniter.php(326): CodeIgniter\CodeIgniter->handleRequest(NULL, Object(Config\Cache), false)
#3 C:\wamp64\www\codeigniter\public\index.php(37): CodeIgniter\CodeIgniter->run()
#4 C:\wamp64\www\codeigniter\system\Commands\Server\rewrite.php(43): require_once('C:\\wamp64\\www\\c...')
#5 {main}
CRITICAL - 2022-04-26 08:21:53 --> Call to a member function save() on null
#0 C:\wamp64\www\codeigniter\system\CodeIgniter.php(832): App\Controllers\UserController->formValidation()
#1 C:\wamp64\www\codeigniter\system\CodeIgniter.php(419): CodeIgniter\CodeIgniter->runController(Object(App\Controllers\UserController))
#2 C:\wamp64\www\codeigniter\system\CodeIgniter.php(326): CodeIgniter\CodeIgniter->handleRequest(NULL, Object(Config\Cache), false)
#3 C:\wamp64\www\codeigniter\public\index.php(37): CodeIgniter\CodeIgniter->run()
#4 C:\wamp64\www\codeigniter\system\Commands\Server\rewrite.php(43): require_once('C:\\wamp64\\www\\c...')
#5 {main}
CRITICAL - 2022-04-26 08:22:57 --> Call to a member function save() on null
#0 C:\wamp64\www\codeigniter\system\CodeIgniter.php(832): App\Controllers\UserController->formValidation()
#1 C:\wamp64\www\codeigniter\system\CodeIgniter.php(419): CodeIgniter\CodeIgniter->runController(Object(App\Controllers\UserController))
#2 C:\wamp64\www\codeigniter\system\CodeIgniter.php(326): CodeIgniter\CodeIgniter->handleRequest(NULL, Object(Config\Cache), false)
#3 C:\wamp64\www\codeigniter\public\index.php(37): CodeIgniter\CodeIgniter->run()
#4 C:\wamp64\www\codeigniter\system\Commands\Server\rewrite.php(43): require_once('C:\\wamp64\\www\\c...')
#5 {main}
ERROR - 2022-04-26 08:24:02 --> Cannot add or update a child row: a foreign key constraint fails (`tp1`.`user`, CONSTRAINT `user_service_FK` FOREIGN KEY (`id_service`) REFERENCES `service` (`id`))
ERROR - 2022-04-26 08:25:20 --> Cannot add or update a child row: a foreign key constraint fails (`tp1`.`user`, CONSTRAINT `user_service_FK` FOREIGN KEY (`id_service`) REFERENCES `service` (`id`))
ERROR - 2022-04-26 08:28:10 --> Cannot add or update a child row: a foreign key constraint fails (`tp1`.`user`, CONSTRAINT `user_service_FK` FOREIGN KEY (`id_service`) REFERENCES `service` (`id`))
CRITICAL - 2022-04-26 08:52:28 --> Class 'App\Controllers\BaseController' not found
#0 C:\wamp64\www\codeigniter\system\Autoloader\Autoloader.php(264): include_once()
#1 C:\wamp64\www\codeigniter\system\Autoloader\Autoloader.php(241): CodeIgniter\Autoloader\Autoloader->includeFile('C:\\wamp64\\www\\c...')
#2 C:\wamp64\www\codeigniter\system\Autoloader\Autoloader.php(219): CodeIgniter\Autoloader\Autoloader->loadInNamespace('App\\Controllers...')
#3 [internal function]: CodeIgniter\Autoloader\Autoloader->loadClass('App\\Controllers...')
#4 [internal function]: spl_autoload_call('App\\Controllers...')
#5 C:\wamp64\www\codeigniter\system\CodeIgniter.php(797): class_exists('\\App\\Controller...', true)
#6 C:\wamp64\www\codeigniter\system\CodeIgniter.php(406): CodeIgniter\CodeIgniter->startController()
#7 C:\wamp64\www\codeigniter\system\CodeIgniter.php(326): CodeIgniter\CodeIgniter->handleRequest(NULL, Object(Config\Cache), false)
#8 C:\wamp64\www\codeigniter\public\index.php(37): CodeIgniter\CodeIgniter->run()
#9 C:\wamp64\www\codeigniter\system\Commands\Server\rewrite.php(43): require_once('C:\\wamp64\\www\\c...')
#10 {main}
CRITICAL - 2022-04-26 08:53:09 --> Class 'App\Controllers\BaseController' not found
#0 C:\wamp64\www\codeigniter\system\Autoloader\Autoloader.php(264): include_once()
#1 C:\wamp64\www\codeigniter\system\Autoloader\Autoloader.php(241): CodeIgniter\Autoloader\Autoloader->includeFile('C:\\wamp64\\www\\c...')
#2 C:\wamp64\www\codeigniter\system\Autoloader\Autoloader.php(219): CodeIgniter\Autoloader\Autoloader->loadInNamespace('App\\Controllers...')
#3 [internal function]: CodeIgniter\Autoloader\Autoloader->loadClass('App\\Controllers...')
#4 [internal function]: spl_autoload_call('App\\Controllers...')
#5 C:\wamp64\www\codeigniter\system\CodeIgniter.php(797): class_exists('\\App\\Controller...', true)
#6 C:\wamp64\www\codeigniter\system\CodeIgniter.php(406): CodeIgniter\CodeIgniter->startController()
#7 C:\wamp64\www\codeigniter\system\CodeIgniter.php(326): CodeIgniter\CodeIgniter->handleRequest(NULL, Object(Config\Cache), false)
#8 C:\wamp64\www\codeigniter\public\index.php(37): CodeIgniter\CodeIgniter->run()
#9 C:\wamp64\www\codeigniter\system\Commands\Server\rewrite.php(43): require_once('C:\\wamp64\\www\\c...')
#10 {main}
CRITICAL - 2022-04-26 08:53:12 --> Class 'App\Controllers\BaseController' not found
#0 C:\wamp64\www\codeigniter\system\Autoloader\Autoloader.php(264): include_once()
#1 C:\wamp64\www\codeigniter\system\Autoloader\Autoloader.php(241): CodeIgniter\Autoloader\Autoloader->includeFile('C:\\wamp64\\www\\c...')
#2 C:\wamp64\www\codeigniter\system\Autoloader\Autoloader.php(219): CodeIgniter\Autoloader\Autoloader->loadInNamespace('App\\Controllers...')
#3 [internal function]: CodeIgniter\Autoloader\Autoloader->loadClass('App\\Controllers...')
#4 [internal function]: spl_autoload_call('App\\Controllers...')
#5 C:\wamp64\www\codeigniter\system\CodeIgniter.php(797): class_exists('\\App\\Controller...', true)
#6 C:\wamp64\www\codeigniter\system\CodeIgniter.php(406): CodeIgniter\CodeIgniter->startController()
#7 C:\wamp64\www\codeigniter\system\CodeIgniter.php(326): CodeIgniter\CodeIgniter->handleRequest(NULL, Object(Config\Cache), false)
#8 C:\wamp64\www\codeigniter\public\index.php(37): CodeIgniter\CodeIgniter->run()
#9 C:\wamp64\www\codeigniter\system\Commands\Server\rewrite.php(43): require_once('C:\\wamp64\\www\\c...')
#10 {main}
CRITICAL - 2022-04-26 08:54:01 --> Class 'App\Controllers\BaseController' not found
#0 C:\wamp64\www\codeigniter\system\Autoloader\Autoloader.php(264): include_once()
#1 C:\wamp64\www\codeigniter\system\Autoloader\Autoloader.php(241): CodeIgniter\Autoloader\Autoloader->includeFile('C:\\wamp64\\www\\c...')
#2 C:\wamp64\www\codeigniter\system\Autoloader\Autoloader.php(219): CodeIgniter\Autoloader\Autoloader->loadInNamespace('App\\Controllers...')
#3 [internal function]: CodeIgniter\Autoloader\Autoloader->loadClass('App\\Controllers...')
#4 [internal function]: spl_autoload_call('App\\Controllers...')
#5 C:\wamp64\www\codeigniter\system\CodeIgniter.php(797): class_exists('\\App\\Controller...', true)
#6 C:\wamp64\www\codeigniter\system\CodeIgniter.php(406): CodeIgniter\CodeIgniter->startController()
#7 C:\wamp64\www\codeigniter\system\CodeIgniter.php(326): CodeIgniter\CodeIgniter->handleRequest(NULL, Object(Config\Cache), false)
#8 C:\wamp64\www\codeigniter\public\index.php(37): CodeIgniter\CodeIgniter->run()
#9 C:\wamp64\www\codeigniter\system\Commands\Server\rewrite.php(43): require_once('C:\\wamp64\\www\\c...')
#10 {main}
CRITICAL - 2022-04-26 08:54:28 --> Class 'App\Controllers\BaseController' not found
#0 C:\wamp64\www\codeigniter\system\Autoloader\Autoloader.php(264): include_once()
#1 C:\wamp64\www\codeigniter\system\Autoloader\Autoloader.php(241): CodeIgniter\Autoloader\Autoloader->includeFile('C:\\wamp64\\www\\c...')
#2 C:\wamp64\www\codeigniter\system\Autoloader\Autoloader.php(219): CodeIgniter\Autoloader\Autoloader->loadInNamespace('App\\Controllers...')
#3 [internal function]: CodeIgniter\Autoloader\Autoloader->loadClass('App\\Controllers...')
#4 [internal function]: spl_autoload_call('App\\Controllers...')
#5 C:\wamp64\www\codeigniter\system\CodeIgniter.php(797): class_exists('\\App\\Controller...', true)
#6 C:\wamp64\www\codeigniter\system\CodeIgniter.php(406): CodeIgniter\CodeIgniter->startController()
#7 C:\wamp64\www\codeigniter\system\CodeIgniter.php(326): CodeIgniter\CodeIgniter->handleRequest(NULL, Object(Config\Cache), false)
#8 C:\wamp64\www\codeigniter\public\index.php(37): CodeIgniter\CodeIgniter->run()
#9 C:\wamp64\www\codeigniter\system\Commands\Server\rewrite.php(43): require_once('C:\\wamp64\\www\\c...')
#10 {main}
CRITICAL - 2022-04-26 08:54:41 --> Class 'App\Controllers\BaseController' not found
#0 C:\wamp64\www\codeigniter\system\Autoloader\Autoloader.php(264): include_once()
#1 C:\wamp64\www\codeigniter\system\Autoloader\Autoloader.php(241): CodeIgniter\Autoloader\Autoloader->includeFile('C:\\wamp64\\www\\c...')
#2 C:\wamp64\www\codeigniter\system\Autoloader\Autoloader.php(219): CodeIgniter\Autoloader\Autoloader->loadInNamespace('App\\Controllers...')
#3 [internal function]: CodeIgniter\Autoloader\Autoloader->loadClass('App\\Controllers...')
#4 [internal function]: spl_autoload_call('App\\Controllers...')
#5 C:\wamp64\www\codeigniter\system\CodeIgniter.php(797): class_exists('\\App\\Controller...', true)
#6 C:\wamp64\www\codeigniter\system\CodeIgniter.php(406): CodeIgniter\CodeIgniter->startController()
#7 C:\wamp64\www\codeigniter\system\CodeIgniter.php(326): CodeIgniter\CodeIgniter->handleRequest(NULL, Object(Config\Cache), false)
#8 C:\wamp64\www\codeigniter\public\index.php(37): CodeIgniter\CodeIgniter->run()
#9 C:\wamp64\www\codeigniter\system\Commands\Server\rewrite.php(43): require_once('C:\\wamp64\\www\\c...')
#10 {main}
CRITICAL - 2022-04-26 08:54:46 --> Class 'App\Controllers\BaseController' not found
#0 C:\wamp64\www\codeigniter\system\Autoloader\Autoloader.php(264): include_once()
#1 C:\wamp64\www\codeigniter\system\Autoloader\Autoloader.php(241): CodeIgniter\Autoloader\Autoloader->includeFile('C:\\wamp64\\www\\c...')
#2 C:\wamp64\www\codeigniter\system\Autoloader\Autoloader.php(219): CodeIgniter\Autoloader\Autoloader->loadInNamespace('App\\Controllers...')
#3 [internal function]: CodeIgniter\Autoloader\Autoloader->loadClass('App\\Controllers...')
#4 [internal function]: spl_autoload_call('App\\Controllers...')
#5 C:\wamp64\www\codeigniter\system\CodeIgniter.php(797): class_exists('\\App\\Controller...', true)
#6 C:\wamp64\www\codeigniter\system\CodeIgniter.php(406): CodeIgniter\CodeIgniter->startController()
#7 C:\wamp64\www\codeigniter\system\CodeIgniter.php(326): CodeIgniter\CodeIgniter->handleRequest(NULL, Object(Config\Cache), false)
#8 C:\wamp64\www\codeigniter\public\index.php(37): CodeIgniter\CodeIgniter->run()
#9 C:\wamp64\www\codeigniter\system\Commands\Server\rewrite.php(43): require_once('C:\\wamp64\\www\\c...')
#10 {main}
CRITICAL - 2022-04-26 08:55:02 --> Class 'App\Controllers\BaseController' not found
#0 C:\wamp64\www\codeigniter\system\Autoloader\Autoloader.php(264): include_once()
#1 C:\wamp64\www\codeigniter\system\Autoloader\Autoloader.php(241): CodeIgniter\Autoloader\Autoloader->includeFile('C:\\wamp64\\www\\c...')
#2 C:\wamp64\www\codeigniter\system\Autoloader\Autoloader.php(219): CodeIgniter\Autoloader\Autoloader->loadInNamespace('App\\Controllers...')
#3 [internal function]: CodeIgniter\Autoloader\Autoloader->loadClass('App\\Controllers...')
#4 [internal function]: spl_autoload_call('App\\Controllers...')
#5 C:\wamp64\www\codeigniter\system\CodeIgniter.php(797): class_exists('\\App\\Controller...', true)
#6 C:\wamp64\www\codeigniter\system\CodeIgniter.php(406): CodeIgniter\CodeIgniter->startController()
#7 C:\wamp64\www\codeigniter\system\CodeIgniter.php(326): CodeIgniter\CodeIgniter->handleRequest(NULL, Object(Config\Cache), false)
#8 C:\wamp64\www\codeigniter\public\index.php(37): CodeIgniter\CodeIgniter->run()
#9 C:\wamp64\www\codeigniter\system\Commands\Server\rewrite.php(43): require_once('C:\\wamp64\\www\\c...')
#10 {main}
CRITICAL - 2022-04-26 08:55:06 --> Class 'App\Controllers\BaseController' not found
#0 C:\wamp64\www\codeigniter\system\Autoloader\Autoloader.php(264): include_once()
#1 C:\wamp64\www\codeigniter\system\Autoloader\Autoloader.php(241): CodeIgniter\Autoloader\Autoloader->includeFile('C:\\wamp64\\www\\c...')
#2 C:\wamp64\www\codeigniter\system\Autoloader\Autoloader.php(219): CodeIgniter\Autoloader\Autoloader->loadInNamespace('App\\Controllers...')
#3 [internal function]: CodeIgniter\Autoloader\Autoloader->loadClass('App\\Controllers...')
#4 [internal function]: spl_autoload_call('App\\Controllers...')
#5 C:\wamp64\www\codeigniter\system\CodeIgniter.php(797): class_exists('\\App\\Controller...', true)
#6 C:\wamp64\www\codeigniter\system\CodeIgniter.php(406): CodeIgniter\CodeIgniter->startController()
#7 C:\wamp64\www\codeigniter\system\CodeIgniter.php(326): CodeIgniter\CodeIgniter->handleRequest(NULL, Object(Config\Cache), false)
#8 C:\wamp64\www\codeigniter\public\index.php(37): CodeIgniter\CodeIgniter->run()
#9 C:\wamp64\www\codeigniter\system\Commands\Server\rewrite.php(43): require_once('C:\\wamp64\\www\\c...')
#10 {main}
CRITICAL - 2022-04-26 08:55:12 --> Class 'App\Controllers\BaseController' not found
#0 C:\wamp64\www\codeigniter\system\Autoloader\Autoloader.php(264): include_once()
#1 C:\wamp64\www\codeigniter\system\Autoloader\Autoloader.php(241): CodeIgniter\Autoloader\Autoloader->includeFile('C:\\wamp64\\www\\c...')
#2 C:\wamp64\www\codeigniter\system\Autoloader\Autoloader.php(219): CodeIgniter\Autoloader\Autoloader->loadInNamespace('App\\Controllers...')
#3 [internal function]: CodeIgniter\Autoloader\Autoloader->loadClass('App\\Controllers...')
#4 [internal function]: spl_autoload_call('App\\Controllers...')
#5 C:\wamp64\www\codeigniter\system\CodeIgniter.php(797): class_exists('\\App\\Controller...', true)
#6 C:\wamp64\www\codeigniter\system\CodeIgniter.php(406): CodeIgniter\CodeIgniter->startController()
#7 C:\wamp64\www\codeigniter\system\CodeIgniter.php(326): CodeIgniter\CodeIgniter->handleRequest(NULL, Object(Config\Cache), false)
#8 C:\wamp64\www\codeigniter\public\index.php(37): CodeIgniter\CodeIgniter->run()
#9 C:\wamp64\www\codeigniter\system\Commands\Server\rewrite.php(43): require_once('C:\\wamp64\\www\\c...')
#10 {main}
CRITICAL - 2022-04-26 08:55:54 --> Class 'App\Controllers\BaseController' not found
#0 C:\wamp64\www\codeigniter\system\Autoloader\Autoloader.php(264): include_once()
#1 C:\wamp64\www\codeigniter\system\Autoloader\Autoloader.php(241): CodeIgniter\Autoloader\Autoloader->includeFile('C:\\wamp64\\www\\c...')
#2 C:\wamp64\www\codeigniter\system\Autoloader\Autoloader.php(219): CodeIgniter\Autoloader\Autoloader->loadInNamespace('App\\Controllers...')
#3 [internal function]: CodeIgniter\Autoloader\Autoloader->loadClass('App\\Controllers...')
#4 [internal function]: spl_autoload_call('App\\Controllers...')
#5 C:\wamp64\www\codeigniter\system\CodeIgniter.php(797): class_exists('\\App\\Controller...', true)
#6 C:\wamp64\www\codeigniter\system\CodeIgniter.php(406): CodeIgniter\CodeIgniter->startController()
#7 C:\wamp64\www\codeigniter\system\CodeIgniter.php(326): CodeIgniter\CodeIgniter->handleRequest(NULL, Object(Config\Cache), false)
#8 C:\wamp64\www\codeigniter\public\index.php(37): CodeIgniter\CodeIgniter->run()
#9 C:\wamp64\www\codeigniter\system\Commands\Server\rewrite.php(43): require_once('C:\\wamp64\\www\\c...')
#10 {main}
CRITICAL - 2022-04-26 08:56:54 --> Class 'App\Controllers\BaseController' not found
#0 C:\wamp64\www\codeigniter\system\Autoloader\Autoloader.php(264): include_once()
#1 C:\wamp64\www\codeigniter\system\Autoloader\Autoloader.php(241): CodeIgniter\Autoloader\Autoloader->includeFile('C:\\wamp64\\www\\c...')
#2 C:\wamp64\www\codeigniter\system\Autoloader\Autoloader.php(219): CodeIgniter\Autoloader\Autoloader->loadInNamespace('App\\Controllers...')
#3 [internal function]: CodeIgniter\Autoloader\Autoloader->loadClass('App\\Controllers...')
#4 [internal function]: spl_autoload_call('App\\Controllers...')
#5 C:\wamp64\www\codeigniter\system\CodeIgniter.php(797): class_exists('\\App\\Controller...', true)
#6 C:\wamp64\www\codeigniter\system\CodeIgniter.php(406): CodeIgniter\CodeIgniter->startController()
#7 C:\wamp64\www\codeigniter\system\CodeIgniter.php(326): CodeIgniter\CodeIgniter->handleRequest(NULL, Object(Config\Cache), false)
#8 C:\wamp64\www\codeigniter\public\index.php(37): CodeIgniter\CodeIgniter->run()
#9 C:\wamp64\www\codeigniter\system\Commands\Server\rewrite.php(43): require_once('C:\\wamp64\\www\\c...')
#10 {main}
CRITICAL - 2022-04-26 08:57:01 --> Class 'App\Controllers\BaseController' not found
#0 C:\wamp64\www\codeigniter\system\Autoloader\Autoloader.php(264): include_once()
#1 C:\wamp64\www\codeigniter\system\Autoloader\Autoloader.php(241): CodeIgniter\Autoloader\Autoloader->includeFile('C:\\wamp64\\www\\c...')
#2 C:\wamp64\www\codeigniter\system\Autoloader\Autoloader.php(219): CodeIgniter\Autoloader\Autoloader->loadInNamespace('App\\Controllers...')
#3 [internal function]: CodeIgniter\Autoloader\Autoloader->loadClass('App\\Controllers...')
#4 [internal function]: spl_autoload_call('App\\Controllers...')
#5 C:\wamp64\www\codeigniter\system\CodeIgniter.php(797): class_exists('\\App\\Controller...', true)
#6 C:\wamp64\www\codeigniter\system\CodeIgniter.php(406): CodeIgniter\CodeIgniter->startController()
#7 C:\wamp64\www\codeigniter\system\CodeIgniter.php(326): CodeIgniter\CodeIgniter->handleRequest(NULL, Object(Config\Cache), false)
#8 C:\wamp64\www\codeigniter\public\index.php(37): CodeIgniter\CodeIgniter->run()
#9 {main}
CRITICAL - 2022-04-26 09:12:21 --> Argument 1 passed to CodeIgniter\BaseModel::findColumn() must be of the type string, null given, called in C:\wamp64\www\codeigniter\app\Controllers\UserController.php on line 16
#0 C:\wamp64\www\codeigniter\app\Controllers\UserController.php(16): CodeIgniter\BaseModel->findColumn(NULL)
#1 C:\wamp64\www\codeigniter\system\CodeIgniter.php(832): App\Controllers\UserController->index()
#2 C:\wamp64\www\codeigniter\system\CodeIgniter.php(419): CodeIgniter\CodeIgniter->runController(Object(App\Controllers\UserController))
#3 C:\wamp64\www\codeigniter\system\CodeIgniter.php(326): CodeIgniter\CodeIgniter->handleRequest(NULL, Object(Config\Cache), false)
#4 C:\wamp64\www\codeigniter\public\index.php(37): CodeIgniter\CodeIgniter->run()
#5 C:\wamp64\www\codeigniter\system\Commands\Server\rewrite.php(43): require_once('C:\\wamp64\\www\\c...')
#6 {main}
CRITICAL - 2022-04-26 09:19:52 --> syntax error, unexpected ':'
#0 C:\wamp64\www\codeigniter\system\View\View.php(213): CodeIgniter\View\View->CodeIgniter\View\{closure}()
#1 C:\wamp64\www\codeigniter\system\Common.php(1089): CodeIgniter\View\View->render('list_users', Array, true)
#2 C:\wamp64\www\codeigniter\app\Controllers\UserController.php(19): view('list_users', Array)
#3 C:\wamp64\www\codeigniter\system\CodeIgniter.php(832): App\Controllers\UserController->index()
#4 C:\wamp64\www\codeigniter\system\CodeIgniter.php(419): CodeIgniter\CodeIgniter->runController(Object(App\Controllers\UserController))
#5 C:\wamp64\www\codeigniter\system\CodeIgniter.php(326): CodeIgniter\CodeIgniter->handleRequest(NULL, Object(Config\Cache), false)
#6 C:\wamp64\www\codeigniter\public\index.php(37): CodeIgniter\CodeIgniter->run()
#7 C:\wamp64\www\codeigniter\system\Commands\Server\rewrite.php(43): require_once('C:\\wamp64\\www\\c...')
#8 {main}
CRITICAL - 2022-04-26 09:19:55 --> syntax error, unexpected ':'
#0 C:\wamp64\www\codeigniter\system\View\View.php(213): CodeIgniter\View\View->CodeIgniter\View\{closure}()
#1 C:\wamp64\www\codeigniter\system\Common.php(1089): CodeIgniter\View\View->render('list_users', Array, true)
#2 C:\wamp64\www\codeigniter\app\Controllers\UserController.php(19): view('list_users', Array)
#3 C:\wamp64\www\codeigniter\system\CodeIgniter.php(832): App\Controllers\UserController->index()
#4 C:\wamp64\www\codeigniter\system\CodeIgniter.php(419): CodeIgniter\CodeIgniter->runController(Object(App\Controllers\UserController))
#5 C:\wamp64\www\codeigniter\system\CodeIgniter.php(326): CodeIgniter\CodeIgniter->handleRequest(NULL, Object(Config\Cache), false)
#6 C:\wamp64\www\codeigniter\public\index.php(37): CodeIgniter\CodeIgniter->run()
#7 C:\wamp64\www\codeigniter\system\Commands\Server\rewrite.php(43): require_once('C:\\wamp64\\www\\c...')
#8 {main}
CRITICAL - 2022-04-26 09:20:26 --> syntax error, unexpected '$data' (T_VARIABLE)
#0 C:\wamp64\www\codeigniter\system\Autoloader\Autoloader.php(241): CodeIgniter\Autoloader\Autoloader->includeFile('C:\\wamp64\\www\\c...')
#1 C:\wamp64\www\codeigniter\system\Autoloader\Autoloader.php(219): CodeIgniter\Autoloader\Autoloader->loadInNamespace('App\\Controllers...')
#2 [internal function]: CodeIgniter\Autoloader\Autoloader->loadClass('App\\Controllers...')
#3 [internal function]: spl_autoload_call('App\\Controllers...')
#4 C:\wamp64\www\codeigniter\system\CodeIgniter.php(797): class_exists('\\App\\Controller...', true)
#5 C:\wamp64\www\codeigniter\system\CodeIgniter.php(406): CodeIgniter\CodeIgniter->startController()
#6 C:\wamp64\www\codeigniter\system\CodeIgniter.php(326): CodeIgniter\CodeIgniter->handleRequest(NULL, Object(Config\Cache), false)
#7 C:\wamp64\www\codeigniter\public\index.php(37): CodeIgniter\CodeIgniter->run()
#8 C:\wamp64\www\codeigniter\system\Commands\Server\rewrite.php(43): require_once('C:\\wamp64\\www\\c...')
#9 {main}
CRITICAL - 2022-04-26 09:21:02 --> syntax error, unexpected '$data' (T_VARIABLE)
#0 C:\wamp64\www\codeigniter\system\Autoloader\Autoloader.php(241): CodeIgniter\Autoloader\Autoloader->includeFile('C:\\wamp64\\www\\c...')
#1 C:\wamp64\www\codeigniter\system\Autoloader\Autoloader.php(219): CodeIgniter\Autoloader\Autoloader->loadInNamespace('App\\Controllers...')
#2 [internal function]: CodeIgniter\Autoloader\Autoloader->loadClass('App\\Controllers...')
#3 [internal function]: spl_autoload_call('App\\Controllers...')
#4 C:\wamp64\www\codeigniter\system\CodeIgniter.php(797): class_exists('\\App\\Controller...', true)
#5 C:\wamp64\www\codeigniter\system\CodeIgniter.php(406): CodeIgniter\CodeIgniter->startController()
#6 C:\wamp64\www\codeigniter\system\CodeIgniter.php(326): CodeIgniter\CodeIgniter->handleRequest(NULL, Object(Config\Cache), false)
#7 C:\wamp64\www\codeigniter\public\index.php(37): CodeIgniter\CodeIgniter->run()
#8 C:\wamp64\www\codeigniter\system\Commands\Server\rewrite.php(43): require_once('C:\\wamp64\\www\\c...')
#9 {main}
